# Retention Policy Audit Report

- Schema Version: ops.retention-policy.v1
- Command: ops execute retention-policy
- Started: 2026-05-15T06:50:38.333
- Finished: 2026-05-15T06:50:57.359
- Duration: 19.025588s
- Dry Run: false
- C8volt Version: v3.7.0-alpha1-84-g57426f2-dirty
- Camunda Version: 8.9
- Profile: profile:kind-camunda-platform-local-c89
- Tenant: <default>
- Retention Days: 0
- Derived End Date Boundary: 2026-05-15
- Auto Confirm: false
- Automation: false
- No Wait: false
- No State Check: false
- Force: false
- Fail Fast: false
- No Worker Limit: false
- Outcome: deleted

## Selection

- Filters: {endDateBefore="2026-05-15"}

## Discovery

- Status: planned
- Retention Days: 0
- Derived End Date Boundary: 2026-05-15
- Count: 2
- Candidate Keys:
  - 2251799813690751
  - 2251799813690760
- Errors: -

## Delete Plan

- Status: planned
- Requires Confirmation: true
- Candidate Keys:
  - 2251799813690751
  - 2251799813690760
- Resolved Root Keys:
  - 2251799813690751
  - 2251799813690752
- Affected Keys:
  - 2251799813690751
  - 2251799813690752
  - 2251799813690760
- Duplicate Keys: -
- Final State Items:
  - key=2251799813690751 state=TERMINATED
  - key=2251799813690760 state=TERMINATED
- Non-Final Affected Items: -
- Skipped Candidate Keys: -
- Skipped Non-Final Roots: -
- Missing Ancestors:
  - key=2251799813690742 startKey=2251799813690751
  - key=2251799813690742 startKey=2251799813690760
- Traversal Warnings:
  - one or more parent process instances were not found
- Errors: -

## Deletion

- Status: confirmed
- Submitted: true
- Confirmed: true
- No Wait: false
- Submitted Root Keys:
  - 2251799813690751
  - 2251799813690752
- Items:
  - key=2251799813690751 ok=true status= statusCode=204
  - key=2251799813690752 ok=true status= statusCode=204
- Errors: -
- Run Errors: -
